24-Apr-2018 15:52:02.878 INFOS [main] org.apache.catalina.startup.VersionLoggerListener.log Server version:        Apache Tomcat/8.5.29
24-Apr-2018 15:52:02.880 INFOS [main] org.apache.catalina.startup.VersionLoggerListener.log Server built:          Mar 5 2018 13:11:12 UTC
24-Apr-2018 15:52:02.880 INFOS [main] org.apache.catalina.startup.VersionLoggerListener.log Server number:         8.5.29.0
24-Apr-2018 15:52:02.880 INFOS [main] org.apache.catalina.startup.VersionLoggerListener.log OS Name:               Windows 7
24-Apr-2018 15:52:02.880 INFOS [main] org.apache.catalina.startup.VersionLoggerListener.log OS Version:            6.1
24-Apr-2018 15:52:02.880 INFOS [main] org.apache.catalina.startup.VersionLoggerListener.log Architecture:          amd64
24-Apr-2018 15:52:02.881 INFOS [main] org.apache.catalina.startup.VersionLoggerListener.log Java Home:             C:\Program Files\Java\jdk1.8.0_101\jre
24-Apr-2018 15:52:02.881 INFOS [main] org.apache.catalina.startup.VersionLoggerListener.log JVM Version:           1.8.0_101-b13
24-Apr-2018 15:52:02.881 INFOS [main] org.apache.catalina.startup.VersionLoggerListener.log JVM Vendor:            Oracle Corporation
24-Apr-2018 15:52:02.881 INFOS [main] org.apache.catalina.startup.VersionLoggerListener.log CATALINA_BASE:         C:\temp\DASI_B3142\TOMCAT\B3142
24-Apr-2018 15:52:02.881 INFOS [main] org.apache.catalina.startup.VersionLoggerListener.log CATALINA_HOME:         C:\temp\TOMCAT\apache-tomcat-8.5.29
24-Apr-2018 15:52:02.881 INFOS [main] org.apache.catalina.startup.VersionLoggerListener.log Command line argument: -Djava.util.logging.config.file=C:\temp\DASI_B3142\TOMCAT\B3142\conf\logging.properties
24-Apr-2018 15:52:02.881 INFOS [main] org.apache.catalina.startup.VersionLoggerListener.log Command line argument: -Djava.util.logging.manager=org.apache.juli.ClassLoaderLogManager
24-Apr-2018 15:52:02.881 INFOS [main] org.apache.catalina.startup.VersionLoggerListener.log Command line argument: -Dhttp.nonProxyHosts=localhost|127.0.0.1|IF501-202-04
24-Apr-2018 15:52:02.881 INFOS [main] org.apache.catalina.startup.VersionLoggerListener.log Command line argument: -Djdk.tls.ephemeralDHKeySize=2048
24-Apr-2018 15:52:02.881 INFOS [main] org.apache.catalina.startup.VersionLoggerListener.log Command line argument: -Djava.protocol.handler.pkgs=org.apache.catalina.webresources
24-Apr-2018 15:52:02.881 INFOS [main] org.apache.catalina.startup.VersionLoggerListener.log Command line argument: -Dignore.endorsed.dirs=
24-Apr-2018 15:52:02.882 INFOS [main] org.apache.catalina.startup.VersionLoggerListener.log Command line argument: -Dcatalina.base=C:\temp\DASI_B3142\TOMCAT\B3142
24-Apr-2018 15:52:02.882 INFOS [main] org.apache.catalina.startup.VersionLoggerListener.log Command line argument: -Dcatalina.home=C:\temp\TOMCAT\apache-tomcat-8.5.29
24-Apr-2018 15:52:02.882 INFOS [main] org.apache.catalina.startup.VersionLoggerListener.log Command line argument: -Djava.io.tmpdir=C:\temp\DASI_B3142\TOMCAT\B3142\temp
24-Apr-2018 15:52:02.882 INFOS [main] org.apache.catalina.core.AprLifecycleListener.lifecycleEvent The APR based Apache Tomcat Native library which allows optimal performance in production environments was not found on the java.library.path: [C:\Program Files\Java\jdk1.8.0_101\bin;C:\Windows\Sun\Java\bin;C:\Windows\system32;C:\Windows;C:\ProgramData\Oracle\Java\javapath;C:\Windows\system32;C:\Windows;C:\Windows\System32\Wbem;C:\Windows\System32\WindowsPowerShell\v1.0\;C:\cygwin\bin;C:\MATLAB\R2016b\runtime\win64;C:\MATLAB\R2016b\bin;C:\MATLAB\R2015b\runtime\win64;C:\MATLAB\R2015b\bin;C:\MATLAB\R2012a\runtime\win64;C:\MATLAB\R2012a\bin;C:\Program Files\Java\jdk1.7.0_71\bin;C:\Program Files (x86)\Windows Kits\8.1\Windows Performance Toolkit\;C:\Program Files\Microsoft SQL Server\120\Tools\Binn\;C:\Program Files\TortoiseSVN\bin;C:\Program Files\doxygen\bin;C:\instantclient_12_1;C:\Program Files\Java\jdk1.8.0_101\bin;.]
24-Apr-2018 15:52:02.991 INFOS [main] org.apache.coyote.AbstractProtocol.init Initializing ProtocolHandler ["http-nio-8080"]
24-Apr-2018 15:52:03.101 INFOS [main] org.apache.tomcat.util.net.NioSelectorPool.getSharedSelector Using a shared selector for servlet write/read
24-Apr-2018 15:52:03.106 INFOS [main] org.apache.coyote.AbstractProtocol.init Initializing ProtocolHandler ["ajp-nio-8009"]
24-Apr-2018 15:52:03.108 INFOS [main] org.apache.tomcat.util.net.NioSelectorPool.getSharedSelector Using a shared selector for servlet write/read
24-Apr-2018 15:52:03.108 INFOS [main] org.apache.catalina.startup.Catalina.load Initialization processed in 548 ms
24-Apr-2018 15:52:03.130 INFOS [main] org.apache.catalina.core.StandardService.startInternal Démarrage du service [Catalina]
24-Apr-2018 15:52:03.130 INFOS [main] org.apache.catalina.core.StandardEngine.startInternal Starting Servlet Engine: Apache Tomcat/8.5.29
24-Apr-2018 15:52:03.137 INFOS [localhost-startStop-1] org.apache.catalina.startup.HostConfig.deployDescriptor Déploiement du descripteur de configuration [C:\temp\DASI_B3142\TOMCAT\B3142\conf\Catalina\localhost\manager.xml]
24-Apr-2018 15:52:03.404 INFOS [localhost-startStop-1] org.apache.catalina.startup.HostConfig.deployDescriptor Deployment of configuration descriptor [C:\temp\DASI_B3142\TOMCAT\B3142\conf\Catalina\localhost\manager.xml] has finished in [266] ms
24-Apr-2018 15:52:03.404 INFOS [localhost-startStop-1] org.apache.catalina.startup.HostConfig.deployDescriptor Déploiement du descripteur de configuration [C:\temp\DASI_B3142\TOMCAT\B3142\conf\Catalina\localhost\ROOT.xml]
24-Apr-2018 15:52:03.423 INFOS [localhost-startStop-1] org.apache.catalina.startup.HostConfig.deployDescriptor Deployment of configuration descriptor [C:\temp\DASI_B3142\TOMCAT\B3142\conf\Catalina\localhost\ROOT.xml] has finished in [19] ms
24-Apr-2018 15:52:03.425 INFOS [main] org.apache.coyote.AbstractProtocol.start Starting ProtocolHandler ["http-nio-8080"]
24-Apr-2018 15:52:03.441 INFOS [main] org.apache.coyote.AbstractProtocol.start Starting ProtocolHandler ["ajp-nio-8009"]
24-Apr-2018 15:52:03.444 INFOS [main] org.apache.catalina.startup.Catalina.start Server startup in 335 ms
24-Apr-2018 16:23:07.881 INFOS [http-nio-8080-exec-2] org.apache.catalina.startup.HostConfig.deployDescriptor Déploiement du descripteur de configuration [C:\temp\DASI_B3142\TOMCAT\B3142\conf\Catalina\localhost\partie2_DASI.xml]
24-Apr-2018 16:23:08.041 INFOS [http-nio-8080-exec-2] org.apache.jasper.servlet.TldScanner.scanJars At least one JAR was scanned for TLDs yet contained no TLDs. Enable debug logging for this logger for a complete list of JARs that were scanned but no TLDs were found in them. Skipping unneeded JARs during scanning can improve startup time and JSP compilation time.
24-Apr-2018 16:23:08.069 INFOS [http-nio-8080-exec-2] org.apache.catalina.startup.HostConfig.deployDescriptor Deployment of configuration descriptor [C:\temp\DASI_B3142\TOMCAT\B3142\conf\Catalina\localhost\partie2_DASI.xml] has finished in [188] ms
24-Apr-2018 16:23:08.075 INFOS [http-nio-8080-exec-3] org.apache.catalina.util.LifecycleBase.start The start() method was called on component [StandardEngine[Catalina].StandardHost[localhost].StandardContext[/partie2_DASI]] after start() had already been called. The second call will be ignored.
24-Apr-2018 16:23:25.612 INFOS [http-nio-8080-exec-2] org.apache.catalina.startup.HostConfig.undeploy Repli (undeploy) de l'application web ayant pour chemin de contexte [/partie2_DASI]
24-Apr-2018 16:23:25.638 INFOS [http-nio-8080-exec-8] org.apache.catalina.startup.HostConfig.deployDescriptor Déploiement du descripteur de configuration [C:\temp\DASI_B3142\TOMCAT\B3142\conf\Catalina\localhost\partie2_DASI.xml]
24-Apr-2018 16:23:25.728 INFOS [http-nio-8080-exec-8] org.apache.jasper.servlet.TldScanner.scanJars At least one JAR was scanned for TLDs yet contained no TLDs. Enable debug logging for this logger for a complete list of JARs that were scanned but no TLDs were found in them. Skipping unneeded JARs during scanning can improve startup time and JSP compilation time.
24-Apr-2018 16:23:25.731 INFOS [http-nio-8080-exec-8] org.apache.catalina.startup.HostConfig.deployDescriptor Deployment of configuration descriptor [C:\temp\DASI_B3142\TOMCAT\B3142\conf\Catalina\localhost\partie2_DASI.xml] has finished in [93] ms
24-Apr-2018 16:23:25.734 INFOS [http-nio-8080-exec-4] org.apache.catalina.util.LifecycleBase.start The start() method was called on component [StandardEngine[Catalina].StandardHost[localhost].StandardContext[/partie2_DASI]] after start() had already been called. The second call will be ignored.
24-Apr-2018 16:25:22.653 INFOS [http-nio-8080-exec-14] org.apache.catalina.core.StandardContext.reload Le rechargement du contexte [/partie2_DASI] a démarré
24-Apr-2018 16:25:22.741 INFOS [http-nio-8080-exec-14] org.apache.jasper.servlet.TldScanner.scanJars At least one JAR was scanned for TLDs yet contained no TLDs. Enable debug logging for this logger for a complete list of JARs that were scanned but no TLDs were found in them. Skipping unneeded JARs during scanning can improve startup time and JSP compilation time.
24-Apr-2018 16:25:22.744 INFOS [http-nio-8080-exec-14] org.apache.catalina.core.StandardContext.reload Le rechargement de ce contexte est terminé
24-Apr-2018 16:25:25.445 INFOS [http-nio-8080-exec-5] org.apache.catalina.core.StandardContext.reload Le rechargement du contexte [/partie2_DASI] a démarré
24-Apr-2018 16:25:25.504 INFOS [http-nio-8080-exec-5] org.apache.jasper.servlet.TldScanner.scanJars At least one JAR was scanned for TLDs yet contained no TLDs. Enable debug logging for this logger for a complete list of JARs that were scanned but no TLDs were found in them. Skipping unneeded JARs during scanning can improve startup time and JSP compilation time.
24-Apr-2018 16:25:25.507 INFOS [http-nio-8080-exec-5] org.apache.catalina.core.StandardContext.reload Le rechargement de ce contexte est terminé
24-Apr-2018 16:26:25.670 INFOS [http-nio-8080-exec-16] org.apache.catalina.core.StandardContext.reload Le rechargement du contexte [/partie2_DASI] a démarré
24-Apr-2018 16:26:25.742 INFOS [http-nio-8080-exec-16] org.apache.jasper.servlet.TldScanner.scanJars At least one JAR was scanned for TLDs yet contained no TLDs. Enable debug logging for this logger for a complete list of JARs that were scanned but no TLDs were found in them. Skipping unneeded JARs during scanning can improve startup time and JSP compilation time.
24-Apr-2018 16:26:25.744 INFOS [http-nio-8080-exec-16] org.apache.catalina.core.StandardContext.reload Le rechargement de ce contexte est terminé
24-Apr-2018 16:27:49.421 INFOS [http-nio-8080-exec-20] org.apache.catalina.core.StandardContext.reload Le rechargement du contexte [/partie2_DASI] a démarré
24-Apr-2018 16:27:49.482 INFOS [http-nio-8080-exec-20] org.apache.jasper.servlet.TldScanner.scanJars At least one JAR was scanned for TLDs yet contained no TLDs. Enable debug logging for this logger for a complete list of JARs that were scanned but no TLDs were found in them. Skipping unneeded JARs during scanning can improve startup time and JSP compilation time.
24-Apr-2018 16:27:49.484 INFOS [http-nio-8080-exec-20] org.apache.catalina.core.StandardContext.reload Le rechargement de ce contexte est terminé
24-Apr-2018 16:28:27.856 INFOS [http-nio-8080-exec-16] org.apache.catalina.core.StandardContext.reload Le rechargement du contexte [/partie2_DASI] a démarré
24-Apr-2018 16:28:27.920 INFOS [http-nio-8080-exec-16] org.apache.jasper.servlet.TldScanner.scanJars At least one JAR was scanned for TLDs yet contained no TLDs. Enable debug logging for this logger for a complete list of JARs that were scanned but no TLDs were found in them. Skipping unneeded JARs during scanning can improve startup time and JSP compilation time.
24-Apr-2018 16:28:27.922 INFOS [http-nio-8080-exec-16] org.apache.catalina.core.StandardContext.reload Le rechargement de ce contexte est terminé
24-Apr-2018 16:40:52.697 INFOS [http-nio-8080-exec-27] org.apache.catalina.core.StandardContext.reload Le rechargement du contexte [/partie2_DASI] a démarré
24-Apr-2018 16:40:52.833 INFOS [http-nio-8080-exec-27] org.apache.jasper.servlet.TldScanner.scanJars At least one JAR was scanned for TLDs yet contained no TLDs. Enable debug logging for this logger for a complete list of JARs that were scanned but no TLDs were found in them. Skipping unneeded JARs during scanning can improve startup time and JSP compilation time.
24-Apr-2018 16:40:52.855 INFOS [71] org.apache.catalina.core.StandardContext.reload Le rechargement de ce contexte est terminé
24-Apr-2018 16:41:13.681 INFOS [http-nio-8080-exec-28] org.apache.catalina.core.StandardContext.reload Le rechargement du contexte [/partie2_DASI] a démarré
24-Apr-2018 16:41:13.731 INFOS [http-nio-8080-exec-28] org.apache.jasper.servlet.TldScanner.scanJars At least one JAR was scanned for TLDs yet contained no TLDs. Enable debug logging for this logger for a complete list of JARs that were scanned but no TLDs were found in them. Skipping unneeded JARs during scanning can improve startup time and JSP compilation time.
24-Apr-2018 16:41:13.732 INFOS [http-nio-8080-exec-28] org.apache.catalina.core.StandardContext.reload Le rechargement de ce contexte est terminé
24-Apr-2018 16:46:10.972 INFOS [http-nio-8080-exec-38] org.apache.catalina.core.StandardContext.reload Le rechargement du contexte [/partie2_DASI] a démarré
24-Apr-2018 16:46:11.034 INFOS [http-nio-8080-exec-38] org.apache.jasper.servlet.TldScanner.scanJars At least one JAR was scanned for TLDs yet contained no TLDs. Enable debug logging for this logger for a complete list of JARs that were scanned but no TLDs were found in them. Skipping unneeded JARs during scanning can improve startup time and JSP compilation time.
24-Apr-2018 16:46:11.036 INFOS [http-nio-8080-exec-38] org.apache.catalina.core.StandardContext.reload Le rechargement de ce contexte est terminé
24-Apr-2018 16:46:57.298 INFOS [http-nio-8080-exec-28] org.apache.catalina.core.StandardContext.reload Le rechargement du contexte [/partie2_DASI] a démarré
24-Apr-2018 16:46:57.353 INFOS [http-nio-8080-exec-28] org.apache.jasper.servlet.TldScanner.scanJars At least one JAR was scanned for TLDs yet contained no TLDs. Enable debug logging for this logger for a complete list of JARs that were scanned but no TLDs were found in them. Skipping unneeded JARs during scanning can improve startup time and JSP compilation time.
24-Apr-2018 16:46:57.354 INFOS [http-nio-8080-exec-28] org.apache.catalina.core.StandardContext.reload Le rechargement de ce contexte est terminé
24-Apr-2018 16:47:39.238 INFOS [http-nio-8080-exec-36] org.apache.catalina.core.StandardContext.reload Le rechargement du contexte [/partie2_DASI] a démarré
24-Apr-2018 16:47:39.307 INFOS [http-nio-8080-exec-36] org.apache.jasper.servlet.TldScanner.scanJars At least one JAR was scanned for TLDs yet contained no TLDs. Enable debug logging for this logger for a complete list of JARs that were scanned but no TLDs were found in them. Skipping unneeded JARs during scanning can improve startup time and JSP compilation time.
24-Apr-2018 16:47:39.309 INFOS [http-nio-8080-exec-36] org.apache.catalina.core.StandardContext.reload Le rechargement de ce contexte est terminé
24-Apr-2018 16:51:20.135 INFOS [http-nio-8080-exec-44] org.apache.catalina.core.StandardContext.reload Le rechargement du contexte [/partie2_DASI] a démarré
24-Apr-2018 16:51:20.195 INFOS [http-nio-8080-exec-44] org.apache.jasper.servlet.TldScanner.scanJars At least one JAR was scanned for TLDs yet contained no TLDs. Enable debug logging for this logger for a complete list of JARs that were scanned but no TLDs were found in them. Skipping unneeded JARs during scanning can improve startup time and JSP compilation time.
24-Apr-2018 16:51:20.196 INFOS [http-nio-8080-exec-44] org.apache.catalina.core.StandardContext.reload Le rechargement de ce contexte est terminé
24-Apr-2018 16:56:33.426 INFOS [http-nio-8080-exec-49] org.apache.catalina.core.StandardContext.reload Le rechargement du contexte [/partie2_DASI] a démarré
24-Apr-2018 16:56:33.484 INFOS [http-nio-8080-exec-49] org.apache.jasper.servlet.TldScanner.scanJars At least one JAR was scanned for TLDs yet contained no TLDs. Enable debug logging for this logger for a complete list of JARs that were scanned but no TLDs were found in them. Skipping unneeded JARs during scanning can improve startup time and JSP compilation time.
24-Apr-2018 16:56:33.487 INFOS [http-nio-8080-exec-49] org.apache.catalina.core.StandardContext.reload Le rechargement de ce contexte est terminé
24-Apr-2018 16:57:07.943 INFOS [http-nio-8080-exec-51] org.apache.catalina.core.StandardContext.reload Le rechargement du contexte [/partie2_DASI] a démarré
24-Apr-2018 16:57:08.004 INFOS [http-nio-8080-exec-51] org.apache.jasper.servlet.TldScanner.scanJars At least one JAR was scanned for TLDs yet contained no TLDs. Enable debug logging for this logger for a complete list of JARs that were scanned but no TLDs were found in them. Skipping unneeded JARs during scanning can improve startup time and JSP compilation time.
24-Apr-2018 16:57:08.006 INFOS [http-nio-8080-exec-51] org.apache.catalina.core.StandardContext.reload Le rechargement de ce contexte est terminé
24-Apr-2018 16:57:12.619 INFOS [http-nio-8080-exec-47] org.apache.catalina.core.StandardContext.reload Le rechargement du contexte [/partie2_DASI] a démarré
24-Apr-2018 16:57:12.666 INFOS [http-nio-8080-exec-47] org.apache.jasper.servlet.TldScanner.scanJars At least one JAR was scanned for TLDs yet contained no TLDs. Enable debug logging for this logger for a complete list of JARs that were scanned but no TLDs were found in them. Skipping unneeded JARs during scanning can improve startup time and JSP compilation time.
24-Apr-2018 16:57:12.668 INFOS [http-nio-8080-exec-47] org.apache.catalina.core.StandardContext.reload Le rechargement de ce contexte est terminé
24-Apr-2018 16:59:25.130 INFOS [http-nio-8080-exec-52] org.apache.catalina.core.StandardContext.reload Le rechargement du contexte [/partie2_DASI] a démarré
24-Apr-2018 16:59:25.221 INFOS [http-nio-8080-exec-52] org.apache.jasper.servlet.TldScanner.scanJars At least one JAR was scanned for TLDs yet contained no TLDs. Enable debug logging for this logger for a complete list of JARs that were scanned but no TLDs were found in them. Skipping unneeded JARs during scanning can improve startup time and JSP compilation time.
24-Apr-2018 16:59:25.223 INFOS [http-nio-8080-exec-52] org.apache.catalina.core.StandardContext.reload Le rechargement de ce contexte est terminé
24-Apr-2018 17:03:59.000 INFOS [http-nio-8080-exec-24] org.apache.catalina.core.StandardContext.reload Le rechargement du contexte [/partie2_DASI] a démarré
24-Apr-2018 17:03:59.071 INFOS [http-nio-8080-exec-24] org.apache.jasper.servlet.TldScanner.scanJars At least one JAR was scanned for TLDs yet contained no TLDs. Enable debug logging for this logger for a complete list of JARs that were scanned but no TLDs were found in them. Skipping unneeded JARs during scanning can improve startup time and JSP compilation time.
24-Apr-2018 17:03:59.072 INFOS [http-nio-8080-exec-24] org.apache.catalina.core.StandardContext.reload Le rechargement de ce contexte est terminé
24-Apr-2018 17:16:32.929 INFOS [http-nio-8080-exec-64] org.apache.catalina.core.StandardContext.reload Le rechargement du contexte [/partie2_DASI] a démarré
24-Apr-2018 17:16:33.015 INFOS [http-nio-8080-exec-64] org.apache.jasper.servlet.TldScanner.scanJars At least one JAR was scanned for TLDs yet contained no TLDs. Enable debug logging for this logger for a complete list of JARs that were scanned but no TLDs were found in them. Skipping unneeded JARs during scanning can improve startup time and JSP compilation time.
24-Apr-2018 17:16:33.017 INFOS [http-nio-8080-exec-64] org.apache.catalina.core.StandardContext.reload Le rechargement de ce contexte est terminé
24-Apr-2018 17:17:01.913 INFOS [http-nio-8080-exec-67] org.apache.catalina.core.StandardContext.reload Le rechargement du contexte [/partie2_DASI] a démarré
24-Apr-2018 17:17:01.950 INFOS [http-nio-8080-exec-67] org.apache.jasper.servlet.TldScanner.scanJars At least one JAR was scanned for TLDs yet contained no TLDs. Enable debug logging for this logger for a complete list of JARs that were scanned but no TLDs were found in them. Skipping unneeded JARs during scanning can improve startup time and JSP compilation time.
24-Apr-2018 17:17:01.951 INFOS [http-nio-8080-exec-67] org.apache.catalina.core.StandardContext.reload Le rechargement de ce contexte est terminé
24-Apr-2018 17:17:02.140 INFOS [http-nio-8080-exec-74] org.apache.catalina.core.StandardContext.reload Le rechargement du contexte [/partie2_DASI] a démarré
24-Apr-2018 17:17:02.195 INFOS [http-nio-8080-exec-74] org.apache.jasper.servlet.TldScanner.scanJars At least one JAR was scanned for TLDs yet contained no TLDs. Enable debug logging for this logger for a complete list of JARs that were scanned but no TLDs were found in them. Skipping unneeded JARs during scanning can improve startup time and JSP compilation time.
24-Apr-2018 17:17:02.197 INFOS [http-nio-8080-exec-74] org.apache.catalina.core.StandardContext.reload Le rechargement de ce contexte est terminé
24-Apr-2018 17:17:02.781 INFOS [http-nio-8080-exec-67] org.apache.catalina.core.StandardContext.reload Le rechargement du contexte [/partie2_DASI] a démarré
24-Apr-2018 17:17:02.853 INFOS [139] org.apache.jasper.servlet.TldScanner.scanJars At least one JAR was scanned for TLDs yet contained no TLDs. Enable debug logging for this logger for a complete list of JARs that were scanned but no TLDs were found in them. Skipping unneeded JARs during scanning can improve startup time and JSP compilation time.
24-Apr-2018 17:17:02.855 INFOS [139] org.apache.catalina.core.StandardContext.reload Le rechargement de ce contexte est terminé
24-Apr-2018 17:23:56.132 INFOS [http-nio-8080-exec-78] org.apache.catalina.core.StandardContext.reload Le rechargement du contexte [/partie2_DASI] a démarré
24-Apr-2018 17:23:56.264 INFOS [http-nio-8080-exec-78] org.apache.jasper.servlet.TldScanner.scanJars At least one JAR was scanned for TLDs yet contained no TLDs. Enable debug logging for this logger for a complete list of JARs that were scanned but no TLDs were found in them. Skipping unneeded JARs during scanning can improve startup time and JSP compilation time.
24-Apr-2018 17:23:56.266 INFOS [http-nio-8080-exec-78] org.apache.catalina.core.StandardContext.reload Le rechargement de ce contexte est terminé
24-Apr-2018 17:24:47.597 INFOS [http-nio-8080-exec-82] org.apache.catalina.core.StandardContext.reload Le rechargement du contexte [/partie2_DASI] a démarré
24-Apr-2018 17:24:47.687 INFOS [http-nio-8080-exec-82] org.apache.jasper.servlet.TldScanner.scanJars At least one JAR was scanned for TLDs yet contained no TLDs. Enable debug logging for this logger for a complete list of JARs that were scanned but no TLDs were found in them. Skipping unneeded JARs during scanning can improve startup time and JSP compilation time.
24-Apr-2018 17:24:47.688 INFOS [http-nio-8080-exec-82] org.apache.catalina.core.StandardContext.reload Le rechargement de ce contexte est terminé
24-Apr-2018 17:24:50.935 INFOS [http-nio-8080-exec-81] org.apache.catalina.core.StandardContext.reload Le rechargement du contexte [/partie2_DASI] a démarré
24-Apr-2018 17:24:50.994 INFOS [http-nio-8080-exec-81] org.apache.jasper.servlet.TldScanner.scanJars At least one JAR was scanned for TLDs yet contained no TLDs. Enable debug logging for this logger for a complete list of JARs that were scanned but no TLDs were found in them. Skipping unneeded JARs during scanning can improve startup time and JSP compilation time.
24-Apr-2018 17:24:50.996 INFOS [http-nio-8080-exec-81] org.apache.catalina.core.StandardContext.reload Le rechargement de ce contexte est terminé
24-Apr-2018 17:25:36.762 INFOS [http-nio-8080-exec-78] org.apache.catalina.core.StandardContext.reload Le rechargement du contexte [/partie2_DASI] a démarré
24-Apr-2018 17:25:36.883 INFOS [http-nio-8080-exec-78] org.apache.jasper.servlet.TldScanner.scanJars At least one JAR was scanned for TLDs yet contained no TLDs. Enable debug logging for this logger for a complete list of JARs that were scanned but no TLDs were found in them. Skipping unneeded JARs during scanning can improve startup time and JSP compilation time.
24-Apr-2018 17:25:36.884 INFOS [http-nio-8080-exec-78] org.apache.catalina.core.StandardContext.reload Le rechargement de ce contexte est terminé
24-Apr-2018 17:25:42.661 INFOS [http-nio-8080-exec-83] org.apache.catalina.core.StandardContext.reload Le rechargement du contexte [/partie2_DASI] a démarré
24-Apr-2018 17:25:42.710 INFOS [http-nio-8080-exec-83] org.apache.jasper.servlet.TldScanner.scanJars At least one JAR was scanned for TLDs yet contained no TLDs. Enable debug logging for this logger for a complete list of JARs that were scanned but no TLDs were found in them. Skipping unneeded JARs during scanning can improve startup time and JSP compilation time.
24-Apr-2018 17:25:42.713 INFOS [http-nio-8080-exec-83] org.apache.catalina.core.StandardContext.reload Le rechargement de ce contexte est terminé
24-Apr-2018 17:25:45.172 INFOS [http-nio-8080-exec-80] org.apache.catalina.core.StandardContext.reload Le rechargement du contexte [/partie2_DASI] a démarré
24-Apr-2018 17:25:45.226 INFOS [http-nio-8080-exec-80] org.apache.jasper.servlet.TldScanner.scanJars At least one JAR was scanned for TLDs yet contained no TLDs. Enable debug logging for this logger for a complete list of JARs that were scanned but no TLDs were found in them. Skipping unneeded JARs during scanning can improve startup time and JSP compilation time.
24-Apr-2018 17:25:45.227 INFOS [http-nio-8080-exec-80] org.apache.catalina.core.StandardContext.reload Le rechargement de ce contexte est terminé
24-Apr-2018 17:25:50.649 INFOS [http-nio-8080-exec-76] org.apache.catalina.core.StandardContext.reload Le rechargement du contexte [/partie2_DASI] a démarré
24-Apr-2018 17:25:50.743 INFOS [http-nio-8080-exec-76] org.apache.jasper.servlet.TldScanner.scanJars At least one JAR was scanned for TLDs yet contained no TLDs. Enable debug logging for this logger for a complete list of JARs that were scanned but no TLDs were found in them. Skipping unneeded JARs during scanning can improve startup time and JSP compilation time.
24-Apr-2018 17:25:50.749 INFOS [http-nio-8080-exec-76] org.apache.catalina.core.StandardContext.reload Le rechargement de ce contexte est terminé
24-Apr-2018 17:25:55.859 INFOS [http-nio-8080-exec-80] org.apache.catalina.core.StandardContext.reload Le rechargement du contexte [/partie2_DASI] a démarré
24-Apr-2018 17:25:55.914 INFOS [http-nio-8080-exec-80] org.apache.jasper.servlet.TldScanner.scanJars At least one JAR was scanned for TLDs yet contained no TLDs. Enable debug logging for this logger for a complete list of JARs that were scanned but no TLDs were found in them. Skipping unneeded JARs during scanning can improve startup time and JSP compilation time.
24-Apr-2018 17:25:55.915 INFOS [http-nio-8080-exec-80] org.apache.catalina.core.StandardContext.reload Le rechargement de ce contexte est terminé
24-Apr-2018 17:26:01.357 INFOS [http-nio-8080-exec-88] org.apache.catalina.core.StandardContext.reload Le rechargement du contexte [/partie2_DASI] a démarré
24-Apr-2018 17:26:01.389 INFOS [http-nio-8080-exec-88] org.apache.jasper.servlet.TldScanner.scanJars At least one JAR was scanned for TLDs yet contained no TLDs. Enable debug logging for this logger for a complete list of JARs that were scanned but no TLDs were found in them. Skipping unneeded JARs during scanning can improve startup time and JSP compilation time.
24-Apr-2018 17:26:01.391 INFOS [http-nio-8080-exec-88] org.apache.catalina.core.StandardContext.reload Le rechargement de ce contexte est terminé
24-Apr-2018 17:26:15.219 INFOS [http-nio-8080-exec-65] org.apache.catalina.core.StandardContext.reload Le rechargement du contexte [/partie2_DASI] a démarré
24-Apr-2018 17:26:15.279 INFOS [http-nio-8080-exec-65] org.apache.jasper.servlet.TldScanner.scanJars At least one JAR was scanned for TLDs yet contained no TLDs. Enable debug logging for this logger for a complete list of JARs that were scanned but no TLDs were found in them. Skipping unneeded JARs during scanning can improve startup time and JSP compilation time.
24-Apr-2018 17:26:15.280 INFOS [http-nio-8080-exec-65] org.apache.catalina.core.StandardContext.reload Le rechargement de ce contexte est terminé
24-Apr-2018 17:26:29.846 INFOS [http-nio-8080-exec-86] org.apache.catalina.core.StandardContext.reload Le rechargement du contexte [/partie2_DASI] a démarré
24-Apr-2018 17:26:29.885 INFOS [http-nio-8080-exec-86] org.apache.jasper.servlet.TldScanner.scanJars At least one JAR was scanned for TLDs yet contained no TLDs. Enable debug logging for this logger for a complete list of JARs that were scanned but no TLDs were found in them. Skipping unneeded JARs during scanning can improve startup time and JSP compilation time.
24-Apr-2018 17:26:29.887 INFOS [http-nio-8080-exec-86] org.apache.catalina.core.StandardContext.reload Le rechargement de ce contexte est terminé
24-Apr-2018 17:26:40.162 INFOS [http-nio-8080-exec-87] org.apache.catalina.core.StandardContext.reload Le rechargement du contexte [/partie2_DASI] a démarré
24-Apr-2018 17:26:40.235 INFOS [http-nio-8080-exec-87] org.apache.jasper.servlet.TldScanner.scanJars At least one JAR was scanned for TLDs yet contained no TLDs. Enable debug logging for this logger for a complete list of JARs that were scanned but no TLDs were found in them. Skipping unneeded JARs during scanning can improve startup time and JSP compilation time.
24-Apr-2018 17:26:40.236 INFOS [http-nio-8080-exec-87] org.apache.catalina.core.StandardContext.reload Le rechargement de ce contexte est terminé
24-Apr-2018 17:26:47.858 INFOS [http-nio-8080-exec-76] org.apache.catalina.core.StandardContext.reload Le rechargement du contexte [/partie2_DASI] a démarré
24-Apr-2018 17:26:47.936 INFOS [http-nio-8080-exec-76] org.apache.jasper.servlet.TldScanner.scanJars At least one JAR was scanned for TLDs yet contained no TLDs. Enable debug logging for this logger for a complete list of JARs that were scanned but no TLDs were found in them. Skipping unneeded JARs during scanning can improve startup time and JSP compilation time.
24-Apr-2018 17:26:47.938 INFOS [http-nio-8080-exec-76] org.apache.catalina.core.StandardContext.reload Le rechargement de ce contexte est terminé
24-Apr-2018 17:27:29.449 INFOS [http-nio-8080-exec-77] org.apache.catalina.core.StandardContext.reload Le rechargement du contexte [/partie2_DASI] a démarré
24-Apr-2018 17:27:29.510 INFOS [http-nio-8080-exec-77] org.apache.jasper.servlet.TldScanner.scanJars At least one JAR was scanned for TLDs yet contained no TLDs. Enable debug logging for this logger for a complete list of JARs that were scanned but no TLDs were found in them. Skipping unneeded JARs during scanning can improve startup time and JSP compilation time.
24-Apr-2018 17:27:29.512 INFOS [http-nio-8080-exec-77] org.apache.catalina.core.StandardContext.reload Le rechargement de ce contexte est terminé
24-Apr-2018 17:34:07.376 INFOS [http-nio-8080-exec-96] org.apache.catalina.startup.HostConfig.undeploy Repli (undeploy) de l'application web ayant pour chemin de contexte [/partie2_DASI]
24-Apr-2018 17:34:07.410 INFOS [http-nio-8080-exec-104] org.apache.catalina.startup.HostConfig.deployDescriptor Déploiement du descripteur de configuration [C:\temp\DASI_B3142\TOMCAT\B3142\conf\Catalina\localhost\partie2_DASI.xml]
24-Apr-2018 17:34:07.508 INFOS [http-nio-8080-exec-104] org.apache.jasper.servlet.TldScanner.scanJars At least one JAR was scanned for TLDs yet contained no TLDs. Enable debug logging for this logger for a complete list of JARs that were scanned but no TLDs were found in them. Skipping unneeded JARs during scanning can improve startup time and JSP compilation time.
24-Apr-2018 17:34:07.509 INFOS [http-nio-8080-exec-104] org.apache.catalina.startup.HostConfig.deployDescriptor Deployment of configuration descriptor [C:\temp\DASI_B3142\TOMCAT\B3142\conf\Catalina\localhost\partie2_DASI.xml] has finished in [99] ms
24-Apr-2018 17:34:07.512 INFOS [http-nio-8080-exec-97] org.apache.catalina.util.LifecycleBase.start The start() method was called on component [StandardEngine[Catalina].StandardHost[localhost].StandardContext[/partie2_DASI]] after start() had already been called. The second call will be ignored.
24-Apr-2018 17:40:19.631 INFOS [http-nio-8080-exec-110] org.apache.catalina.core.StandardContext.reload Le rechargement du contexte [/partie2_DASI] a démarré
24-Apr-2018 17:40:19.928 INFOS [http-nio-8080-exec-110] org.apache.jasper.servlet.TldScanner.scanJars At least one JAR was scanned for TLDs yet contained no TLDs. Enable debug logging for this logger for a complete list of JARs that were scanned but no TLDs were found in them. Skipping unneeded JARs during scanning can improve startup time and JSP compilation time.
24-Apr-2018 17:40:19.929 INFOS [http-nio-8080-exec-110] org.apache.catalina.core.StandardContext.reload Le rechargement de ce contexte est terminé
24-Apr-2018 17:40:20.927 INFOS [http-nio-8080-exec-114] org.apache.catalina.core.StandardContext.reload Le rechargement du contexte [/partie2_DASI] a démarré
24-Apr-2018 17:40:21.005 INFOS [http-nio-8080-exec-114] org.apache.jasper.servlet.TldScanner.scanJars At least one JAR was scanned for TLDs yet contained no TLDs. Enable debug logging for this logger for a complete list of JARs that were scanned but no TLDs were found in them. Skipping unneeded JARs during scanning can improve startup time and JSP compilation time.
24-Apr-2018 17:40:21.006 INFOS [http-nio-8080-exec-114] org.apache.catalina.core.StandardContext.reload Le rechargement de ce contexte est terminé
24-Apr-2018 17:40:29.138 INFOS [http-nio-8080-exec-108] org.apache.catalina.core.StandardContext.reload Le rechargement du contexte [/partie2_DASI] a démarré
24-Apr-2018 17:40:29.221 INFOS [http-nio-8080-exec-108] org.apache.jasper.servlet.TldScanner.scanJars At least one JAR was scanned for TLDs yet contained no TLDs. Enable debug logging for this logger for a complete list of JARs that were scanned but no TLDs were found in them. Skipping unneeded JARs during scanning can improve startup time and JSP compilation time.
24-Apr-2018 17:40:29.222 INFOS [http-nio-8080-exec-108] org.apache.catalina.core.StandardContext.reload Le rechargement de ce contexte est terminé
24-Apr-2018 18:06:57.678 INFOS [http-nio-8080-exec-125] org.apache.catalina.core.StandardContext.reload Le rechargement du contexte [/partie2_DASI] a démarré
24-Apr-2018 18:06:57.734 INFOS [http-nio-8080-exec-125] org.apache.jasper.servlet.TldScanner.scanJars At least one JAR was scanned for TLDs yet contained no TLDs. Enable debug logging for this logger for a complete list of JARs that were scanned but no TLDs were found in them. Skipping unneeded JARs during scanning can improve startup time and JSP compilation time.
24-Apr-2018 18:06:57.736 INFOS [http-nio-8080-exec-125] org.apache.catalina.core.StandardContext.reload Le rechargement de ce contexte est terminé
24-Apr-2018 18:08:21.594 INFOS [http-nio-8080-exec-131] org.apache.catalina.core.StandardContext.reload Le rechargement du contexte [/partie2_DASI] a démarré
24-Apr-2018 18:08:21.654 INFOS [http-nio-8080-exec-131] org.apache.jasper.servlet.TldScanner.scanJars At least one JAR was scanned for TLDs yet contained no TLDs. Enable debug logging for this logger for a complete list of JARs that were scanned but no TLDs were found in them. Skipping unneeded JARs during scanning can improve startup time and JSP compilation time.
24-Apr-2018 18:08:21.655 INFOS [http-nio-8080-exec-131] org.apache.catalina.core.StandardContext.reload Le rechargement de ce contexte est terminé
